# JRE version: OpenJDK Runtime Environment (8.0_212-b04) (build 1.8.0_212-release-1586-b04)
# Java VM: OpenJDK 64-Bit Server VM (25.212-b04 mixed mode windows-amd64 compressed oops)
Heap:
 PSYoungGen      total 471552K, used 34361K [0x00000000e0000000, 0x0000000100000000, 0x0000000100000000)
  eden space 418816K, 8% used [0x00000000e0000000,0x00000000e218e778,0x00000000f9900000)
  from space 52736K, 0% used [0x00000000f9900000,0x00000000f9900000,0x00000000fcc80000)
  to   space 50176K, 0% used [0x00000000fcf00000,0x00000000fcf00000,0x0000000100000000)
 ParOldGen       total 334848K, used 76313K [0x00000000a0000000, 0x00000000b4700000, 0x00000000e0000000)
  object space 334848K, 22% used [0x00000000a0000000,0x00000000a4a867e0,0x00000000b4700000)
 Metaspace       used 108879K, capacity 113184K, committed 114432K, reserved 1148928K
  class space    used 14242K, capacity 15124K, committed 15360K, reserved 1048576K
GC Heap History (10 events):
Event: 53.483 GC heap before
{Heap before GC invocations=42 (full 4):
 PSYoungGen      total 469504K, used 419840K [0x00000000e0000000, 0x0000000100000000, 0x0000000100000000)
  eden space 419840K, 100% used [0x00000000e0000000,0x00000000f9a00000,0x00000000f9a00000)
  from space 49664K, 0% used [0x00000000f9a00000,0x00000000f9a00000,0x00000000fca80000)
  to   space 49152K, 0% used [0x00000000fd000000,0x00000000fd000000,0x0000000100000000)
 ParOldGen       total 334848K, used 105613K [0x00000000a0000000, 0x00000000b4700000, 0x00000000e0000000)
  object space 334848K, 31% used [0x00000000a0000000,0x00000000a6723498,0x00000000b4700000)
 Metaspace       used 82543K, capacity 85932K, committed 87936K, reserved 1126400K
  class space    used 10806K, capacity 11483K, committed 11904K, reserved 1048576K
Event: 53.494 GC heap after
Heap after GC invocations=42 (full 4):
 PSYoungGen      total 472064K, used 8990K [0x00000000e0000000, 0x00000000ffd80000, 0x0000000100000000)
  eden space 425472K, 0% used [0x00000000e0000000,0x00000000e0000000,0x00000000f9f80000)
  from space 46592K, 19% used [0x00000000fd000000,0x00000000fd8c7a98,0x00000000ffd80000)
  to   space 48128K, 0% used [0x00000000f9f80000,0x00000000f9f80000,0x00000000fce80000)
 ParOldGen       total 334848K, used 105621K [0x00000000a0000000, 0x00000000b4700000, 0x00000000e0000000)
  object space 334848K, 31% used [0x00000000a0000000,0x00000000a6725498,0x00000000b4700000)
 Metaspace       used 82543K, capacity 85932K, committed 87936K, reserved 1126400K
  class space    used 10806K, capacity 11483K, committed 11904K, reserved 1048576K
}
Event: 54.608 GC heap before
{Heap before GC invocations=43 (full 4):
 PSYoungGen      total 472064K, used 434462K [0x00000000e0000000, 0x00000000ffd80000, 0x0000000100000000)
  eden space 425472K, 100% used [0x00000000e0000000,0x00000000f9f80000,0x00000000f9f80000)
  from space 46592K, 19% used [0x00000000fd000000,0x00000000fd8c7a98,0x00000000ffd80000)
  to   space 48128K, 0% used [0x00000000f9f80000,0x00000000f9f80000,0x00000000fce80000)
 ParOldGen       total 334848K, used 105621K [0x00000000a0000000, 0x00000000b4700000, 0x00000000e0000000)
  object space 334848K, 31% used [0x00000000a0000000,0x00000000a6725498,0x00000000b4700000)
 Metaspace       used 82562K, capacity 85964K, committed 87936K, reserved 1126400K
  class space    used 10814K, capacity 11515K, committed 11904K, reserved 1048576K
Event: 54.622 GC heap after
Heap after GC invocations=43 (full 4):
 PSYoungGen      total 473600K, used 5045K [0x00000000e0000000, 0x0000000100000000, 0x0000000100000000)
  eden space 425472K, 0% used [0x00000000e0000000,0x00000000e0000000,0x00000000f9f80000)
  from space 48128K, 10% used [0x00000000f9f80000,0x00000000fa46d698,0x00000000fce80000)
  to   space 47616K, 0% used [0x00000000fd180000,0x00000000fd180000,0x0000000100000000)
 ParOldGen       total 334848K, used 111040K [0x00000000a0000000, 0x00000000b4700000, 0x00000000e0000000)
  object space 334848K, 33% used [0x00000000a0000000,0x00000000a6c702b8,0x00000000b4700000)
 Metaspace       used 82562K, capacity 85964K, committed 87936K, reserved 1126400K
  class space    used 10814K, capacity 11515K, committed 11904K, reserved 1048576K
}
Event: 4023.916 GC heap before
{Heap before GC invocations=44 (full 4):
 PSYoungGen      total 473600K, used 430517K [0x00000000e0000000, 0x0000000100000000, 0x0000000100000000)
  eden space 425472K, 100% used [0x00000000e0000000,0x00000000f9f80000,0x00000000f9f80000)
  from space 48128K, 10% used [0x00000000f9f80000,0x00000000fa46d698,0x00000000fce80000)
  to   space 47616K, 0% used [0x00000000fd180000,0x00000000fd180000,0x0000000100000000)
 ParOldGen       total 334848K, used 111040K [0x00000000a0000000, 0x00000000b4700000, 0x00000000e0000000)
  object space 334848K, 33% used [0x00000000a0000000,0x00000000a6c702b8,0x00000000b4700000)
 Metaspace       used 104553K, capacity 108952K, committed 109184K, reserved 1144832K
  class space    used 13716K, capacity 14600K, committed 14720K, reserved 1048576K
Event: 4023.961 GC heap after
Heap after GC invocations=44 (full 4):
 PSYoungGen      total 466432K, used 38634K [0x00000000e0000000, 0x0000000100000000, 0x0000000100000000)
  eden space 418816K, 0% used [0x00000000e0000000,0x00000000e0000000,0x00000000f9900000)
  from space 47616K, 81% used [0x00000000fd180000,0x00000000ff73a8d8,0x0000000100000000)
  to   space 52736K, 0% used [0x00000000f9900000,0x00000000f9900000,0x00000000fcc80000)
 ParOldGen       total 334848K, used 114314K [0x00000000a0000000, 0x00000000b4700000, 0x00000000e0000000)
  object space 334848K, 34% used [0x00000000a0000000,0x00000000a6fa2988,0x00000000b4700000)
 Metaspace       used 104553K, capacity 108952K, committed 109184K, reserved 1144832K
  class space    used 13716K, capacity 14600K, committed 14720K, reserved 1048576K
}
Event: 4031.196 GC heap before
{Heap before GC invocations=45 (full 4):
 PSYoungGen      total 466432K, used 299918K [0x00000000e0000000, 0x0000000100000000, 0x0000000100000000)
  eden space 418816K, 62% used [0x00000000e0000000,0x00000000eff28f90,0x00000000f9900000)
  from space 47616K, 81% used [0x00000000fd180000,0x00000000ff73a8d8,0x0000000100000000)
  to   space 52736K, 0% used [0x00000000f9900000,0x00000000f9900000,0x00000000fcc80000)
 ParOldGen       total 334848K, used 114314K [0x00000000a0000000, 0x00000000b4700000, 0x00000000e0000000)
  object space 334848K, 34% used [0x00000000a0000000,0x00000000a6fa2988,0x00000000b4700000)
 Metaspace       used 109129K, capacity 113804K, committed 114048K, reserved 1148928K
  class space    used 14275K, capacity 15222K, committed 15232K, reserved 1048576K
Event: 4031.222 GC heap after
Heap after GC invocations=45 (full 4):
 PSYoungGen      total 471552K, used 21465K [0x00000000e0000000, 0x0000000100000000, 0x0000000100000000)
  eden space 418816K, 0% used [0x00000000e0000000,0x00000000e0000000,0x00000000f9900000)
  from space 52736K, 40% used [0x00000000f9900000,0x00000000fadf6448,0x00000000fcc80000)
  to   space 50176K, 0% used [0x00000000fcf00000,0x00000000fcf00000,0x0000000100000000)
 ParOldGen       total 334848K, used 133738K [0x00000000a0000000, 0x00000000b4700000, 0x00000000e0000000)
  object space 334848K, 39% used [0x00000000a0000000,0x00000000a829a958,0x00000000b4700000)
 Metaspace       used 109129K, capacity 113804K, committed 114048K, reserved 1148928K
  class space    used 14275K, capacity 15222K, committed 15232K, reserved 1048576K
}
Event: 4031.222 GC heap before
{Heap before GC invocations=46 (full 5):
 PSYoungGen      total 471552K, used 21465K [0x00000000e0000000, 0x0000000100000000, 0x0000000100000000)
  eden space 418816K, 0% used [0x00000000e0000000,0x00000000e0000000,0x00000000f9900000)
  from space 52736K, 40% used [0x00000000f9900000,0x00000000fadf6448,0x00000000fcc80000)
  to   space 50176K, 0% used [0x00000000fcf00000,0x00000000fcf00000,0x0000000100000000)
 ParOldGen       total 334848K, used 133738K [0x00000000a0000000, 0x00000000b4700000, 0x00000000e0000000)
  object space 334848K, 39% used [0x00000000a0000000,0x00000000a829a958,0x00000000b4700000)
 Metaspace       used 109129K, capacity 113804K, committed 114048K, reserved 1148928K
  class space    used 14275K, capacity 15222K, committed 15232K, reserved 1048576K
Event: 4031.572 GC heap after
Heap after GC invocations=46 (full 5):
 PSYoungGen      total 471552K, used 0K [0x00000000e0000000, 0x0000000100000000, 0x0000000100000000)
  eden space 418816K, 0% used [0x00000000e0000000,0x00000000e0000000,0x00000000f9900000)
  from space 52736K, 0% used [0x00000000f9900000,0x00000000f9900000,0x00000000fcc80000)
  to   space 50176K, 0% used [0x00000000fcf00000,0x00000000fcf00000,0x0000000100000000)
 ParOldGen       total 334848K, used 76313K [0x00000000a0000000, 0x00000000b4700000, 0x00000000e0000000)
  object space 334848K, 22% used [0x00000000a0000000,0x00000000a4a867e0,0x00000000b4700000)
 Metaspace       used 108509K, capacity 112738K, committed 114048K, reserved 1148928K
  class space    used 14170K, capacity 15025K, committed 15232K, reserved 1048576K
}

